Using pre-set license
Built from '2020.3/staging' branch; Version is '2020.3.10f1 (297d780c91bc) revision 2719096'; Using compiler version '192528614'; Build Type 'Release'
OS: 'Windows 10 Home Single Language; OS build 19041.1083; Version 2004; 64bit' Language: 'ru' Physical Memory: 16314 MB
BatchMode: 1, IsHumanControllingUs: 0, StartBugReporterOnCrash: 0, Is64bit: 1, IsPro: 0

 COMMAND LINE ARGUMENTS:
D:\2020.3.10f1\Editor\Unity.exe
-adb2
-batchMode
-noUpm
-name
AssetImportWorker1
-projectPath
C:/Users/yakov/OneDrive/Документы/GitHub/a_jam_about_time/ManipulationJam
-logFile
Logs/AssetImportWorker1.log
-srvPort
53650
Successfully changed project path to: C:/Users/yakov/OneDrive/Документы/GitHub/a_jam_about_time/ManipulationJam
C:/Users/yakov/OneDrive/Документы/GitHub/a_jam_about_time/ManipulationJam
Using Asset Import Pipeline V2.
Refreshing native plugins compatible for Editor in 56.83 ms, found 3 plugins.
Preloading 0 native plugins for Editor in 0.00 ms.
Initialize engine version: 2020.3.10f1 (297d780c91bc)
[Subsystems] Discovering subsystems at path D:/2020.3.10f1/Editor/Data/Resources/UnitySubsystems
[Subsystems] Discovering subsystems at path C:/Users/yakov/OneDrive/Документы/GitHub/a_jam_about_time/ManipulationJam/Assets
GfxDevice: creating device client; threaded=0
Direct3D:
    Version:  Direct3D 11.0 [level 11.1]
    Renderer: NVIDIA GeForce GTX 1660 Ti (ID=0x2182)
    Vendor:   
    VRAM:     5991 MB
    Driver:   27.21.14.5751
Initialize mono
Mono path[0] = 'D:/2020.3.10f1/Editor/Data/Managed'
Mono path[1] = 'D:/2020.3.10f1/Editor/Data/MonoBleedingEdge/lib/mono/unityjit'
Mono config path = 'D:/2020.3.10f1/Editor/Data/MonoBleedingEdge/etc'
Using monoOptions --debugger-agent=transport=dt_socket,embedding=1,server=y,suspend=n,address=127.0.0.1:56404
Begin MonoManager ReloadAssembly
Registering precompiled unity dll's ...
Register platform support module: D:/2020.3.10f1/Editor/Data/PlaybackEngines/WindowsStandaloneSupport/UnityEditor.WindowsStandalone.Extensions.dll
Registered in 0.001547 seconds.
Native extension for WindowsStandalone target not found
Refreshing native plugins compatible for Editor in 50.99 ms, found 3 plugins.
Preloading 0 native plugins for Editor in 0.00 ms.
Mono: successfully reloaded assembly
- Completed reload, in 10.310 seconds
Platform modules already initialized, skipping
Registering precompiled user dll's ...
Registered in 0.018753 seconds.
Begin MonoManager ReloadAssembly
Native extension for WindowsStandalone target not found
Refreshing native plugins compatible for Editor in 54.10 ms, found 3 plugins.
Preloading 0 native plugins for Editor in 0.00 ms.
Mono: successfully reloaded assembly
- Completed reload, in  1.317 seconds
Platform modules already initialized, skipping
========================================================================
Worker process is ready to serve import requests
Launched and connected shader compiler UnityShaderCompiler.exe after 0.15 seconds
Refreshing native plugins compatible for Editor in 0.57 ms, found 3 plugins.
Preloading 0 native plugins for Editor in 0.00 ms.
Unloading 2375 Unused Serialized files (Serialized files now loaded: 0)
System memory in use before: 104.6 MB.
System memory in use after: 104.6 MB.

Unloading 35 unused Assets to reduce memory usage. Loaded Objects now: 2811.
Total: 2.734100 ms (FindLiveObjects: 0.279600 ms CreateObjectMapping: 0.064200 ms MarkObjects: 2.237700 ms  DeleteObjects: 0.151300 ms)

========================================================================
Received Import Request.
  path: Assets/Prefabs/Essentials/GameManager.prefab
  artifactKey: Guid(e2fdc0ba2fdfe4bd6b71adfa6b46625f) Importer(815301076,1909f56bfc062723c751e8b465ee728b)
Start importing Assets/Prefabs/Essentials/GameManager.prefab using Guid(e2fdc0ba2fdfe4bd6b71adfa6b46625f) Importer(815301076,1909f56bfc062723c751e8b465ee728b)  -> (artifact id: '04c5ce59e674033ed7adc74639049036') in 0.075126 seconds
  Import took 0.079008 seconds .

========================================================================
Received Import Request.
  Time since last request: 0.000467 seconds.
  path: Assets/Prefabs/Essentials/Grid.prefab
  artifactKey: Guid(3562aae07865b414288e120d5c54212c) Importer(815301076,1909f56bfc062723c751e8b465ee728b)
Start importing Assets/Prefabs/Essentials/Grid.prefab using Guid(3562aae07865b414288e120d5c54212c) Importer(815301076,1909f56bfc062723c751e8b465ee728b)  -> (artifact id: '403e8c7cdcfdc994b5d1fc6c88093c27') in 0.007943 seconds
  Import took 0.013409 seconds .

========================================================================
Received Import Request.
  Time since last request: 0.000272 seconds.
  path: Assets/Prefabs/Essentials/MusicPlayer.prefab
  artifactKey: Guid(8e850f5dca42449ec8ef822acbb27d1c) Importer(815301076,1909f56bfc062723c751e8b465ee728b)
Start importing Assets/Prefabs/Essentials/MusicPlayer.prefab using Guid(8e850f5dca42449ec8ef822acbb27d1c) Importer(815301076,1909f56bfc062723c751e8b465ee728b)  -> (artifact id: '4212ca803580da42fa080b3bbc0444ac') in 0.004822 seconds
  Import took 0.008365 seconds .

========================================================================
Received Import Request.
  Time since last request: 0.000232 seconds.
  path: Assets/Prefabs/Essentials/A_.prefab
  artifactKey: Guid(6552d2125e3d04471af8d75ed6b6d275) Importer(815301076,1909f56bfc062723c751e8b465ee728b)
Start importing Assets/Prefabs/Essentials/A_.prefab using Guid(6552d2125e3d04471af8d75ed6b6d275) Importer(815301076,1909f56bfc062723c751e8b465ee728b)  -> (artifact id: '871c2e05ca4fd361882f1b2ff6407f86') in 0.015025 seconds
  Import took 0.018387 seconds .

========================================================================
Received Prepare
Refreshing native plugins compatible for Editor in 5.73 ms, found 3 plugins.
Preloading 0 native plugins for Editor in 0.00 ms.
Unloading 20 Unused Serialized files (Serialized files now loaded: 0)
System memory in use before: 56.8 MB.
System memory in use after: 56.9 MB.

Unloading 20 unused Assets to reduce memory usage. Loaded Objects now: 2811.
Total: 3.231900 ms (FindLiveObjects: 0.293200 ms CreateObjectMapping: 0.061800 ms MarkObjects: 2.738200 ms  DeleteObjects: 0.136600 ms)

========================================================================
Received Prepare
Registering precompiled user dll's ...
Registered in 0.006282 seconds.
Begin MonoManager ReloadAssembly
Native extension for WindowsStandalone target not found
Refreshing native plugins compatible for Editor in 0.59 ms, found 3 plugins.
Preloading 0 native plugins for Editor in 0.00 ms.
Mono: successfully reloaded assembly
- Completed reload, in  1.178 seconds
Platform modules already initialized, skipping
Refreshing native plugins compatible for Editor in 0.55 ms, found 3 plugins.
Preloading 0 native plugins for Editor in 0.00 ms.
Unloading 2364 Unused Serialized files (Serialized files now loaded: 0)
System memory in use before: 104.1 MB.
System memory in use after: 104.2 MB.

Unloading 23 unused Assets to reduce memory usage. Loaded Objects now: 2815.
Total: 2.598000 ms (FindLiveObjects: 0.289800 ms CreateObjectMapping: 0.062900 ms MarkObjects: 2.121600 ms  DeleteObjects: 0.122200 ms)

AssetImportWorkerClient::OnTransportError - code=2 error=End of file
