Using pre-set license

 COMMAND LINE ARGUMENTS:
/Applications/Unity/Hub/Editor/2020.3.10f1/Unity.app/Contents/MacOS/Unity
-adb2
-batchMode
-noUpm
-name
AssetImportWorker0
-projectPath
/Users/sirmakrele/Documents/GitHub/a_jam_about_time/ManipulationJam
-logFile
Logs/AssetImportWorker0.log
-srvPort
56501
Successfully changed project path to: /Users/sirmakrele/Documents/GitHub/a_jam_about_time/ManipulationJam
/Users/sirmakrele/Documents/GitHub/a_jam_about_time/ManipulationJam
Using Asset Import Pipeline V2.
Refreshing native plugins compatible for Editor in 40.39 ms, found 3 plugins.
Preloading 0 native plugins for Editor in 0.00 ms.
Initialize engine version: 2020.3.10f1 (297d780c91bc)
[Subsystems] Discovering subsystems at path /Applications/Unity/Hub/Editor/2020.3.10f1/Unity.app/Contents/Resources/UnitySubsystems
[Subsystems] Discovering subsystems at path /Users/sirmakrele/Documents/GitHub/a_jam_about_time/ManipulationJam/Assets
GfxDevice: creating device client; threaded=0
2021-07-09 16:18:24.456 Unity[15288:480103] (null) preferred device: Apple M1 (high power)
2021-07-09 16:18:24.456 Unity[15288:480103] Metal devices available: 1
2021-07-09 16:18:24.456 Unity[15288:480103] 0: Apple M1 (high power)
2021-07-09 16:18:24.456 Unity[15288:480103] Using device Apple M1 (high power)
Initializing Metal device caps: Apple M1
Initialize mono
Mono path[0] = '/Applications/Unity/Hub/Editor/2020.3.10f1/Unity.app/Contents/Managed'
Mono path[1] = '/Applications/Unity/Hub/Editor/2020.3.10f1/Unity.app/Contents/MonoBleedingEdge/lib/mono/unityjit'
Mono config path = '/Applications/Unity/Hub/Editor/2020.3.10f1/Unity.app/Contents/MonoBleedingEdge/etc'
Using monoOptions --debugger-agent=transport=dt_socket,embedding=1,server=y,suspend=n,address=127.0.0.1:56288
Begin MonoManager ReloadAssembly
Registering precompiled unity dll's ...
Register platform support module: /Applications/Unity/Hub/Editor/2020.3.10f1/PlaybackEngines/WebGLSupport/UnityEditor.WebGL.Extensions.dll
Register platform support module: /Applications/Unity/Hub/Editor/2020.3.10f1/Unity.app/Contents/PlaybackEngines/MacStandaloneSupport/UnityEditor.OSXStandalone.Extensions.dll
Register platform support module: /Applications/Unity/Hub/Editor/2020.3.10f1/PlaybackEngines/WindowsStandaloneSupport/UnityEditor.WindowsStandalone.Extensions.dll
Registered in 0.001914 seconds.
Native extension for WindowsStandalone target not found
Native extension for OSXStandalone target not found
Native extension for WebGL target not found
Refreshing native plugins compatible for Editor in 40.09 ms, found 3 plugins.
Preloading 0 native plugins for Editor in 0.00 ms.
Mono: successfully reloaded assembly
- Completed reload, in  3.408 seconds
Platform modules already initialized, skipping
Registering precompiled user dll's ...
Registered in 0.004173 seconds.
Begin MonoManager ReloadAssembly
Native extension for WindowsStandalone target not found
Native extension for OSXStandalone target not found
Native extension for WebGL target not found
Refreshing native plugins compatible for Editor in 39.98 ms, found 3 plugins.
Preloading 0 native plugins for Editor in 0.00 ms.
Mono: successfully reloaded assembly
- Completed reload, in  2.483 seconds
Platform modules already initialized, skipping
========================================================================
Worker process is ready to serve import requests
Launching external process: /Applications/Unity/Hub/Editor/2020.3.10f1/Unity.app/Contents/Tools/UnityShaderCompiler
Launched and connected shader compiler UnityShaderCompiler after 0.04 seconds
Refreshing native plugins compatible for Editor in 0.41 ms, found 3 plugins.
Preloading 0 native plugins for Editor in 0.00 ms.
Unloading 2375 Unused Serialized files (Serialized files now loaded: 0)
System memory in use before: 186.6 MB.
System memory in use after: 186.7 MB.

Unloading 35 unused Assets to reduce memory usage. Loaded Objects now: 2811.
Total: 1.763833 ms (FindLiveObjects: 0.170458 ms CreateObjectMapping: 0.046542 ms MarkObjects: 1.429083 ms  DeleteObjects: 0.117042 ms)

========================================================================
Received Import Request.
  path: Assets/Prefabs/Enemies
  artifactKey: Guid(ff26a20c0679f41ce95b43431d8d252d) Importer(815301076,1909f56bfc062723c751e8b465ee728b)
Start importing Assets/Prefabs/Enemies using Guid(ff26a20c0679f41ce95b43431d8d252d) Importer(815301076,1909f56bfc062723c751e8b465ee728b)  -> (artifact id: 'a4b86b0312d2dd7a61613db90fdfc849') in 0.011648 seconds
  Import took 0.014621 seconds .

========================================================================
Received Import Request.
  Time since last request: 0.000260 seconds.
  path: Assets/Prefabs/RoboNurse.prefab
  artifactKey: Guid(3ea3077df9c9d43fb8d1dcefb86b0b14) Importer(815301076,1909f56bfc062723c751e8b465ee728b)
Start importing Assets/Prefabs/RoboNurse.prefab using Guid(3ea3077df9c9d43fb8d1dcefb86b0b14) Importer(815301076,1909f56bfc062723c751e8b465ee728b)  -> (artifact id: '91f2df66d3ba874e11da750373bfc19f') in 1.040228 seconds
  Import took 1.043235 seconds .

========================================================================
Received Import Request.
  Time since last request: 6.770115 seconds.
  path: Assets/Prefabs/Enemies/RoboCleaning.prefab
  artifactKey: Guid(b65bbad7d1443405c8d9b30722275011) Importer(815301076,1909f56bfc062723c751e8b465ee728b)
Start importing Assets/Prefabs/Enemies/RoboCleaning.prefab using Guid(b65bbad7d1443405c8d9b30722275011) Importer(815301076,1909f56bfc062723c751e8b465ee728b)  -> (artifact id: '2ea14eadc65364ed1fbebcfcf65f0d48') in 0.022303 seconds
  Import took 0.025478 seconds .

========================================================================
Received Import Request.
  Time since last request: 0.000458 seconds.
  path: Assets/Prefabs/Enemies/RoboCleaning.prefab
  artifactKey: Guid(b65bbad7d1443405c8d9b30722275011) Importer(815301076,1909f56bfc062723c751e8b465ee728b)
Start importing Assets/Prefabs/Enemies/RoboCleaning.prefab using Guid(b65bbad7d1443405c8d9b30722275011) Importer(815301076,1909f56bfc062723c751e8b465ee728b)  -> (artifact id: '2ea14eadc65364ed1fbebcfcf65f0d48') in 0.007999 seconds
  Import took 0.010847 seconds .

========================================================================
Received Import Request.
  Time since last request: 3.525527 seconds.
  path: Assets/Prefabs/Enemies/RoboWorker.prefab
  artifactKey: Guid(a51483aabc30d452bb65459d416f37e0) Importer(815301076,1909f56bfc062723c751e8b465ee728b)
Start importing Assets/Prefabs/Enemies/RoboWorker.prefab using Guid(a51483aabc30d452bb65459d416f37e0) Importer(815301076,1909f56bfc062723c751e8b465ee728b)  -> (artifact id: 'ff066a9460bcdaa9225a900201e5e07c') in 0.011711 seconds
  Import took 0.014868 seconds .

========================================================================
Received Import Request.
  Time since last request: 0.018482 seconds.
  path: Assets/Prefabs/Enemies/RoboWorker.prefab
  artifactKey: Guid(a51483aabc30d452bb65459d416f37e0) Importer(815301076,1909f56bfc062723c751e8b465ee728b)
Start importing Assets/Prefabs/Enemies/RoboWorker.prefab using Guid(a51483aabc30d452bb65459d416f37e0) Importer(815301076,1909f56bfc062723c751e8b465ee728b)  -> (artifact id: 'ff066a9460bcdaa9225a900201e5e07c') in 0.008243 seconds
  Import took 0.011443 seconds .

========================================================================
Received Import Request.
  Time since last request: 3.588896 seconds.
  path: Assets/Prefabs/Enemies/RoboMechanic.prefab
  artifactKey: Guid(4adfbefd1a27148ef99eed0dfd328bb2) Importer(815301076,1909f56bfc062723c751e8b465ee728b)
Start importing Assets/Prefabs/Enemies/RoboMechanic.prefab using Guid(4adfbefd1a27148ef99eed0dfd328bb2) Importer(815301076,1909f56bfc062723c751e8b465ee728b)  -> (artifact id: '491390de30354c783371bd1368994d82') in 0.012948 seconds
  Import took 0.016108 seconds .

========================================================================
Received Import Request.
  Time since last request: 0.013158 seconds.
  path: Assets/Prefabs/Enemies/RoboMechanic.prefab
  artifactKey: Guid(4adfbefd1a27148ef99eed0dfd328bb2) Importer(815301076,1909f56bfc062723c751e8b465ee728b)
Start importing Assets/Prefabs/Enemies/RoboMechanic.prefab using Guid(4adfbefd1a27148ef99eed0dfd328bb2) Importer(815301076,1909f56bfc062723c751e8b465ee728b)  -> (artifact id: '491390de30354c783371bd1368994d82') in 0.009315 seconds
  Import took 0.013001 seconds .

========================================================================
Received Import Request.
  Time since last request: 12.610584 seconds.
  path: Assets/Prefabs/Effects
  artifactKey: Guid(4bb5a358f271e45ddb262a14d1643361) Importer(815301076,1909f56bfc062723c751e8b465ee728b)
Start importing Assets/Prefabs/Effects using Guid(4bb5a358f271e45ddb262a14d1643361) Importer(815301076,1909f56bfc062723c751e8b465ee728b)  -> (artifact id: '3e8b34050f5da825ccc9bf0d4070407f') in 0.001263 seconds
  Import took 0.004490 seconds .

========================================================================
Received Import Request.
  Time since last request: 28.971932 seconds.
  path: Assets/Prefabs/Clock.prefab
  artifactKey: Guid(de075ab8f8e8f4d81a5f348286795a22) Importer(815301076,1909f56bfc062723c751e8b465ee728b)
Start importing Assets/Prefabs/Clock.prefab using Guid(de075ab8f8e8f4d81a5f348286795a22) Importer(815301076,1909f56bfc062723c751e8b465ee728b)  -> (artifact id: '8a9c5997fbaf8b9f6c15aae11b5e61d8') in 0.010372 seconds
  Import took 0.013342 seconds .

========================================================================
Received Import Request.
  Time since last request: 0.013473 seconds.
  path: Assets/Prefabs/Clock.prefab
  artifactKey: Guid(de075ab8f8e8f4d81a5f348286795a22) Importer(815301076,1909f56bfc062723c751e8b465ee728b)
Start importing Assets/Prefabs/Clock.prefab using Guid(de075ab8f8e8f4d81a5f348286795a22) Importer(815301076,1909f56bfc062723c751e8b465ee728b)  -> (artifact id: '8a9c5997fbaf8b9f6c15aae11b5e61d8') in 0.007345 seconds
  Import took 0.010585 seconds .

========================================================================
Received Import Request.
  Time since last request: 12.845767 seconds.
  path: Assets/Prefabs/Player.prefab
  artifactKey: Guid(51ff07871726d4476b47c079be46a5a8) Importer(815301076,1909f56bfc062723c751e8b465ee728b)
Start importing Assets/Prefabs/Player.prefab using Guid(51ff07871726d4476b47c079be46a5a8) Importer(815301076,1909f56bfc062723c751e8b465ee728b)  -> (artifact id: '7d01b2c7294f3b16a109689f519bd1b8') in 0.014089 seconds
  Import took 0.017169 seconds .

========================================================================
Received Import Request.
  Time since last request: 0.034506 seconds.
  path: Assets/Prefabs/Player.prefab
  artifactKey: Guid(51ff07871726d4476b47c079be46a5a8) Importer(815301076,1909f56bfc062723c751e8b465ee728b)
Start importing Assets/Prefabs/Player.prefab using Guid(51ff07871726d4476b47c079be46a5a8) Importer(815301076,1909f56bfc062723c751e8b465ee728b)  -> (artifact id: '7d01b2c7294f3b16a109689f519bd1b8') in 0.008024 seconds
  Import took 0.011183 seconds .

========================================================================
Received Import Request.
  Time since last request: 9.930088 seconds.
  path: Assets/Prefabs/Targets.prefab
  artifactKey: Guid(87f73eb4ca0c744529aecfe665c7b447) Importer(815301076,1909f56bfc062723c751e8b465ee728b)
Start importing Assets/Prefabs/Targets.prefab using Guid(87f73eb4ca0c744529aecfe665c7b447) Importer(815301076,1909f56bfc062723c751e8b465ee728b)  -> (artifact id: '22ae7cafd072b344c0ab2f1d7b5c540a') in 0.004097 seconds
  Import took 0.009906 seconds .

========================================================================
Received Import Request.
  Time since last request: 0.009960 seconds.
  path: Assets/Prefabs/Targets.prefab
  artifactKey: Guid(87f73eb4ca0c744529aecfe665c7b447) Importer(815301076,1909f56bfc062723c751e8b465ee728b)
Start importing Assets/Prefabs/Targets.prefab using Guid(87f73eb4ca0c744529aecfe665c7b447) Importer(815301076,1909f56bfc062723c751e8b465ee728b)  -> (artifact id: '22ae7cafd072b344c0ab2f1d7b5c540a') in 0.002811 seconds
  Import took 0.005912 seconds .

========================================================================
Received Import Request.
  Time since last request: 28.079725 seconds.
  path: Assets/Prefabs/A_.prefab
  artifactKey: Guid(6552d2125e3d04471af8d75ed6b6d275) Importer(815301076,1909f56bfc062723c751e8b465ee728b)
Start importing Assets/Prefabs/A_.prefab using Guid(6552d2125e3d04471af8d75ed6b6d275) Importer(815301076,1909f56bfc062723c751e8b465ee728b)  -> (artifact id: 'f85de6fd634e34e3d0b287adc4f13f8c') in 0.029859 seconds
  Import took 0.032769 seconds .

========================================================================
Received Import Request.
  Time since last request: 8.898382 seconds.
  path: Assets/Prefabs/MusicPlayer.prefab
  artifactKey: Guid(8e850f5dca42449ec8ef822acbb27d1c) Importer(815301076,1909f56bfc062723c751e8b465ee728b)
Start importing Assets/Prefabs/MusicPlayer.prefab using Guid(8e850f5dca42449ec8ef822acbb27d1c) Importer(815301076,1909f56bfc062723c751e8b465ee728b)  -> (artifact id: 'e84dbc2b6f92fbafea81a383d6b02c05') in 0.003356 seconds
  Import took 0.006310 seconds .

========================================================================
Received Import Request.
  Time since last request: 0.015987 seconds.
  path: Assets/Prefabs/MusicPlayer.prefab
  artifactKey: Guid(8e850f5dca42449ec8ef822acbb27d1c) Importer(815301076,1909f56bfc062723c751e8b465ee728b)
Start importing Assets/Prefabs/MusicPlayer.prefab using Guid(8e850f5dca42449ec8ef822acbb27d1c) Importer(815301076,1909f56bfc062723c751e8b465ee728b)  -> (artifact id: 'e84dbc2b6f92fbafea81a383d6b02c05') in 0.002852 seconds
  Import took 0.005980 seconds .

========================================================================
Received Import Request.
  Time since last request: 3.771221 seconds.
  path: Assets/Prefabs/GameManager.prefab
  artifactKey: Guid(e2fdc0ba2fdfe4bd6b71adfa6b46625f) Importer(815301076,1909f56bfc062723c751e8b465ee728b)
Start importing Assets/Prefabs/GameManager.prefab using Guid(e2fdc0ba2fdfe4bd6b71adfa6b46625f) Importer(815301076,1909f56bfc062723c751e8b465ee728b)  -> (artifact id: '2fba7a9376b581e002a28b5853b159ea') in 0.004603 seconds
  Import took 0.007601 seconds .

========================================================================
Received Import Request.
  Time since last request: 0.021434 seconds.
  path: Assets/Prefabs/GameManager.prefab
  artifactKey: Guid(e2fdc0ba2fdfe4bd6b71adfa6b46625f) Importer(815301076,1909f56bfc062723c751e8b465ee728b)
Start importing Assets/Prefabs/GameManager.prefab using Guid(e2fdc0ba2fdfe4bd6b71adfa6b46625f) Importer(815301076,1909f56bfc062723c751e8b465ee728b)  -> (artifact id: '2fba7a9376b581e002a28b5853b159ea') in 0.005154 seconds
  Import took 0.008519 seconds .

========================================================================
Received Import Request.
  Time since last request: 13.515549 seconds.
  path: Assets/Prefabs/Grid.prefab
  artifactKey: Guid(3562aae07865b414288e120d5c54212c) Importer(815301076,1909f56bfc062723c751e8b465ee728b)
Start importing Assets/Prefabs/Grid.prefab using Guid(3562aae07865b414288e120d5c54212c) Importer(815301076,1909f56bfc062723c751e8b465ee728b)  -> (artifact id: '672d9c1a9807b6df11297fef66bf7142') in 0.005250 seconds
  Import took 0.009282 seconds .

========================================================================
Received Import Request.
  Time since last request: 0.009113 seconds.
  path: Assets/Prefabs/Grid.prefab
  artifactKey: Guid(3562aae07865b414288e120d5c54212c) Importer(815301076,1909f56bfc062723c751e8b465ee728b)
Start importing Assets/Prefabs/Grid.prefab using Guid(3562aae07865b414288e120d5c54212c) Importer(815301076,1909f56bfc062723c751e8b465ee728b)  -> (artifact id: '672d9c1a9807b6df11297fef66bf7142') in 0.004013 seconds
  Import took 0.007621 seconds .

========================================================================
Received Import Request.
  Time since last request: 8.099514 seconds.
  path: Assets/Prefabs/Essentials
  artifactKey: Guid(51d7b9105b4214cb2a6ece6c75ce08af) Importer(815301076,1909f56bfc062723c751e8b465ee728b)
Start importing Assets/Prefabs/Essentials using Guid(51d7b9105b4214cb2a6ece6c75ce08af) Importer(815301076,1909f56bfc062723c751e8b465ee728b)  -> (artifact id: '18eca2522975abfc59ea00174d824134') in 0.001197 seconds
  Import took 0.007753 seconds .

========================================================================
Received Prepare
Registering precompiled user dll's ...
Registered in 0.004500 seconds.
Begin MonoManager ReloadAssembly
Native extension for WindowsStandalone target not found
Native extension for OSXStandalone target not found
Native extension for WebGL target not found
Refreshing native plugins compatible for Editor in 0.65 ms, found 3 plugins.
Preloading 0 native plugins for Editor in 0.00 ms.
Mono: successfully reloaded assembly
- Completed reload, in  2.573 seconds
Platform modules already initialized, skipping
Refreshing native plugins compatible for Editor in 0.43 ms, found 3 plugins.
Preloading 0 native plugins for Editor in 0.00 ms.
Unloading 2364 Unused Serialized files (Serialized files now loaded: 0)
System memory in use before: 194.3 MB.
System memory in use after: 194.4 MB.

Unloading 25 unused Assets to reduce memory usage. Loaded Objects now: 2822.
Total: 2.052583 ms (FindLiveObjects: 0.147375 ms CreateObjectMapping: 0.045750 ms MarkObjects: 1.618958 ms  DeleteObjects: 0.239708 ms)

========================================================================
Received Import Request.
  Time since last request: 297.156473 seconds.
  path: Assets/Art/Walls.prefab
  artifactKey: Guid(0850e1adfc3e34ca594f1bd5656c36af) Importer(815301076,1909f56bfc062723c751e8b465ee728b)
Start importing Assets/Art/Walls.prefab using Guid(0850e1adfc3e34ca594f1bd5656c36af) Importer(815301076,1909f56bfc062723c751e8b465ee728b)  -> (artifact id: 'f4ee42ff02942a168f8319a1922a0cd6') in 0.063571 seconds
  Import took 0.066370 seconds .

========================================================================
Received Prepare
Registering precompiled user dll's ...
Registered in 0.006489 seconds.
Begin MonoManager ReloadAssembly
Native extension for WindowsStandalone target not found
Native extension for OSXStandalone target not found
Native extension for WebGL target not found
Refreshing native plugins compatible for Editor in 0.44 ms, found 3 plugins.
Preloading 0 native plugins for Editor in 0.00 ms.
Mono: successfully reloaded assembly
- Completed reload, in  2.501 seconds
Platform modules already initialized, skipping
Refreshing native plugins compatible for Editor in 0.41 ms, found 3 plugins.
Preloading 0 native plugins for Editor in 0.00 ms.
Unloading 2364 Unused Serialized files (Serialized files now loaded: 0)
System memory in use before: 194.6 MB.
System memory in use after: 194.7 MB.

Unloading 23 unused Assets to reduce memory usage. Loaded Objects now: 2826.
Total: 1.716834 ms (FindLiveObjects: 0.214709 ms CreateObjectMapping: 0.049375 ms MarkObjects: 1.350041 ms  DeleteObjects: 0.101833 ms)

========================================================================
Received Prepare
Registering precompiled user dll's ...
Registered in 0.005700 seconds.
Begin MonoManager ReloadAssembly
Native extension for WindowsStandalone target not found
Native extension for OSXStandalone target not found
Native extension for WebGL target not found
Refreshing native plugins compatible for Editor in 0.42 ms, found 3 plugins.
Preloading 0 native plugins for Editor in 0.00 ms.
Mono: successfully reloaded assembly
- Completed reload, in  2.512 seconds
Platform modules already initialized, skipping
Refreshing native plugins compatible for Editor in 0.48 ms, found 3 plugins.
Preloading 0 native plugins for Editor in 0.00 ms.
Unloading 2364 Unused Serialized files (Serialized files now loaded: 0)
System memory in use before: 194.8 MB.
System memory in use after: 194.9 MB.

Unloading 23 unused Assets to reduce memory usage. Loaded Objects now: 2830.
Total: 1.732833 ms (FindLiveObjects: 0.213291 ms CreateObjectMapping: 0.052083 ms MarkObjects: 1.364958 ms  DeleteObjects: 0.101791 ms)

